<?xml version='1.0' encoding='UTF-8'?>
<testsuite hostname="Andreas-skole-PC" name="AccountTests" tests="7" errors="0" failures="0" skipped="0" time="3.037" timestamp="2024-10-24T09:44:13">
          <properties>
      <property name="java.specification.version" value="17"/><property name="sun.cpu.isalist" value="amd64"/><property name="sun.jnu.encoding" value="Cp1252"/><property name="sun.arch.data.model" value="64"/><property name="java.vendor.url" value="https://adoptium.net/"/><property name="sun.boot.library.path" value="C:\Program Files\Eclipse Adoptium\jdk-17.0.1.12-hotspot\bin"/><property name="sun.java.command" value="xsbt.boot.Boot test"/><property name="jdk.debug" value="release"/><property name="sun.stderr.encoding" value="cp850"/><property name="java.specification.vendor" value="Oracle Corporation"/><property name="java.version.date" value="2021-10-19"/><property name="java.home" value="C:\Program Files\Eclipse Adoptium\jdk-17.0.1.12-hotspot"/><property name="file.separator" value="\"/><property name="java.vm.compressedOopsMode" value="32-bit"/><property name="line.separator" value="
"/><property name="sun.stdout.encoding" value="cp850"/><property name="java.vm.specification.vendor" value="Oracle Corporation"/><property name="java.specification.name" value="Java Platform API Specification"/><property name="user.script" value=""/><property name="sun.management.compiler" value="HotSpot 64-Bit Tiered Compilers"/><property name="java.runtime.version" value="17.0.1+12"/><property name="user.name" value="Andreas"/><property name="log4j.ignoreTCL" value="true"/><property name="file.encoding" value="UTF-8"/><property name="jnidispatch.path" value="C:\Users\andre\AppData\Local\Temp\jna-803252188\jna15490165981844912889.dll"/><property name="java.vendor.version" value="Temurin-17.0.1+12"/><property name="jna.loaded" value="true"/><property name="java.io.tmpdir" value="C:\Users\andre\AppData\Local\Temp\"/><property name="java.version" value="17.0.1"/><property name="java.vm.specification.name" value="Java Virtual Machine Specification"/><property name="sun.os.patch.level" value=""/><property name="native.encoding" value="Cp1252"/><property name="java.library.path" value="C:\Program Files\Eclipse Adoptium\jdk-17.0.1.12-hotspot\bin;C:\WINDOWS\Sun\Java\bin;C:\WINDOWS\system32;C:\WINDOWS;C:\Program Files\Eclipse Adoptium\jdk-17.0.1.12-hotspot\bin;C:\Program Files\WindowsApps\Microsoft.PowerShell_7.4.5.0_x64__8wekyb3d8bbwe;C:\Program Files\ImageMagick-7.1.1-Q16-HDRI;C:\Program Files\Common Files\Oracle\Java\javapath;C:\Program Files\Apache Software\apache-maven-3.8.6\bin;C:\WINDOWS\system32;C:\WINDOWS\system32;C:\WINDOWS;C:\WINDOWS\System32\Wbem;C:\WINDOWS\System32\WindowsPowerShell\v1.0\;C:\WINDOWS\System32\OpenSSH\;C:\Program Files\Neovim\bin;C:\Users\andre\Downloads\kotlin-compiler-1.9.22\kotlinc\bin;C:\Program Files\Docker\Docker\resources\bin;C:\sqlite\sqlite-tools-win-x64-3450200\;C:\Program Files\Mozart\bin;C:\Program Files\GitHub CLI\;C:\Program Files\nodejs\;C:\Program Files\Go\bin;C:\Program Files\Git\cmd;C:\Users\andre\scoop\apps\oh-my-posh\current\bin;C:\Users\andre\scoop\shims;C:\Users\andre\AppData\Local\Programs\Python\Python310\Scripts\;C:\Users\andre\AppData\Local\Programs\Python\Python310\;C:\Users\andre\AppData\Local\Microsoft\WindowsApps;C:\Users\andre\AppData\Local\Programs\Microsoft VS Code\bin;C:\Program Files\JetBrains\PyCharm 2024.2.2\bin;;C:\Program Files\JetBrains\IntelliJ IDEA 2024.2.2\bin;;C:\Users\andre\AppData\Local\Microsoft\WindowsApps;C:\Users\andre\AppData\Roaming\npm;C:\Users\andre\AppData\Local\GitHubDesktop\bin;C:\Program Files\JetBrains\WebStorm 2024.2.2\bin;;C:\Users\andre\AppData\Local\Microsoft\WinGet\Links;C:\Users\andre\go\bin;C:\Users\andre\AppData\Local\Coursier\data\bin;."/><property name="java.vendor" value="Eclipse Adoptium"/><property name="scala.ext.dirs" value="C:\Users\andre\.sbt\1.0\java9-rt-ext-eclipse_adoptium_17_0_1"/><property name="sun.io.unicode.encoding" value="UnicodeLittle"/><property name="java.class.path" value="C:\Users\andre\AppData\Local\Coursier\cache\arc\https\github.com\sbt\sbt\releases\download\v1.10.2\sbt-1.10.2.zip\sbt\bin\sbt-launch.jar"/><property name="java.vm.vendor" value="Eclipse Adoptium"/><property name="user.variant" value=""/><property name="jline.shutdownhook" value="false"/><property name="user.timezone" value="Europe/Oslo"/><property name="java.vm.specification.version" value="17"/><property name="os.name" value="Windows 10"/><property name="sun.java.launcher" value="SUN_STANDARD"/><property name="user.country" value="NO"/><property name="sun.cpu.endian" value="little"/><property name="user.home" value="C:\Users\andre"/><property name="user.language" value="no"/><property name="sbt.ipcsocket.tmpdir" value="C:\Users\andre\AppData\Local\Temp\.sbtffd60f6f\ipcsocket"/><property name="swoval.tmpdir" value="C:\Users\andre\AppData\Local\Temp\.sbtffd60f6f\swoval"/><property name="jline.esc.timeout" value="0"/><property name="path.separator" value=";"/><property name="os.version" value="10.0"/><property name="jna.nosys" value="true"/><property name="java.runtime.name" value="OpenJDK Runtime Environment"/><property name="java.vm.name" value="OpenJDK 64-Bit Server VM"/><property name="java.vendor.url.bug" value="https://github.com/adoptium/adoptium-support/issues"/><property name="user.dir" value="C:\Users\andre\Documents\dev\scala\scala_project_2024\bank_system"/><property name="os.arch" value="amd64"/><property name="java.vm.info" value="mixed mode, sharing"/><property name="java.vm.version" value="17.0.1+12"/><property name="java.class.version" value="61.0"/>
    </properties>
          <testcase classname="AccountTests" name="Test 01: Account should be immutable" time="0.037">
                      
                    </testcase><testcase classname="AccountTests" name="Test 02: Valid account withdrawal" time="0.002">
                      
                    </testcase><testcase classname="AccountTests" name="Test 03: Invalid account withdrawal should return error message" time="0.002">
                      
                    </testcase><testcase classname="AccountTests" name="Test 04: Withdrawal of negative amount should return error message" time="0.001">
                      
                    </testcase><testcase classname="AccountTests" name="Test 05: Valid account deposit" time="0.0">
                      
                    </testcase><testcase classname="AccountTests" name="Test 06: Deposit of negative amount should return an error" time="0.001">
                      
                    </testcase><testcase classname="AccountTests" name="Test 07: Correct balance amount after several withdrawals and deposits" time="2.994">
                      
                    </testcase>
          <system-out><![CDATA[]]></system-out>
          <system-err><![CDATA[]]></system-err>
        </testsuite>